[0.020s] Invoking command in '/home/r2/mobile/build/mobile_description': CMAKE_PREFIX_PATH=${CMAKE_PREFIX_PATH}:/home/r2/mobile/install/my_py_controllers:/opt/ros/humble /usr/bin/cmake --build /home/r2/mobile/build/mobile_description -- -j6 -l6
[0.053s] [ 75%] Built target cmd_vel_mobile_controller
[0.053s] [ 75%] [32mBuilding CXX object CMakeFiles/cmd_joint_vel.dir/examples/cmd_joint_vel_mobile.cpp.o[0m
[0.181s] [01m[K/home/r2/mobile/src/mobile_description/examples/cmd_joint_vel_mobile.cpp:4:10:[m[K [01;31m[Kfatal error: [m[Knav_msgs/msg/odometry.hpp: No existe el archivo o el directorio
[0.181s]     4 | #include [01;31m[K"nav_msgs/msg/odometry.hpp"[m[K
[0.181s]       |          [01;31m[K^~~~~~~~~~~~~~~~~~~~~~~~~~~[m[K
[0.181s] compilation terminated.
[0.183s] gmake[2]: *** [CMakeFiles/cmd_joint_vel.dir/build.make:76: CMakeFiles/cmd_joint_vel.dir/examples/cmd_joint_vel_mobile.cpp.o] Error 1
[0.183s] gmake[1]: *** [CMakeFiles/Makefile2:165: CMakeFiles/cmd_joint_vel.dir/all] Error 2
[0.183s] gmake: *** [Makefile:146: all] Error 2
[0.214s] Invoked command in '/home/r2/mobile/build/mobile_description' returned '2': CMAKE_PREFIX_PATH=${CMAKE_PREFIX_PATH}:/home/r2/mobile/install/my_py_controllers:/opt/ros/humble /usr/bin/cmake --build /home/r2/mobile/build/mobile_description -- -j6 -l6
